<?xml version="1.0" encoding="UTF-8"?>
<testng-results skipped="0" failed="0" ignored="0" total="1" passed="1">
  <reporter-output>
  </reporter-output>
  <suite name="Default suite" duration-ms="5215" started-at="2021-12-06T16:05:43 IST" finished-at="2021-12-06T16:05:48 IST">
    <groups>
    </groups>
    <test name="Default test" duration-ms="5215" started-at="2021-12-06T16:05:43 IST" finished-at="2021-12-06T16:05:48 IST">
      <class name="com.testNg.SoftAssertClass">
        <test-method status="PASS" signature="verifyTitle()[pri:0, instance:com.testNg.SoftAssertClass@3fd7a715]" name="verifyTitle" duration-ms="5158" started-at="2021-12-06T16:05:43 IST" finished-at="2021-12-06T16:05:48 IST">
          <reporter-output>
          </reporter-output>
        </test-method> <!-- verifyTitle -->
      </class> <!-- com.testNg.SoftAssertClass -->
    </test> <!-- Default test -->
  </suite> <!-- Default suite -->
</testng-results>
